Flow report for multicycle
Thu Mar 24 18:11:30 2016
Quartus II 64-Bit Version 15.0.0 Build 145 04/22/2015 SJ Full Version


---------------------
; Table of Contents ;
---------------------
  1. Legal Notice
  2. Flow Summary
  3. Flow Settings
  4. Flow Non-Default Global Settings
  5. Flow Elapsed Time
  6. Flow OS Summary
  7. Flow Log
  8. Flow Messages
  9. Flow Suppressed Messages



----------------
; Legal Notice ;
----------------
Copyright (C) 1991-2015 Altera Corporation. All rights reserved.
Your use of Altera Corporation's design tools, logic functions 
and other software and tools, and its AMPP partner logic 
functions, and any output files from any of the foregoing 
(including device programming or simulation files), and any 
associated documentation or information are expressly subject 
to the terms and conditions of the Altera Program License 
Subscription Agreement, the Altera Quartus II License Agreement,
the Altera MegaCore Function License Agreement, or other 
applicable license agreement, including, without limitation, 
that your use is for the sole purpose of programming logic 
devices manufactured by Altera and sold by Altera or its 
authorized distributors.  Please refer to the applicable 
agreement for further details.



+-------------------------------------------------------------------------------+
; Flow Summary                                                                  ;
+---------------------------------+---------------------------------------------+
; Flow Status                     ; Successful - Thu Mar 24 18:11:22 2016       ;
; Quartus II 64-Bit Version       ; 15.0.0 Build 145 04/22/2015 SJ Full Version ;
; Revision Name                   ; multicycle                                  ;
; Top-level Entity Name           ; multicycle                                  ;
; Family                          ; Cyclone V                                   ;
; Device                          ; 5CSEMA5F31C6                                ;
; Timing Models                   ; Final                                       ;
; Logic utilization (in ALMs)     ; 146 / 32,070 ( < 1 % )                      ;
; Total registers                 ; 113                                         ;
; Total pins                      ; 58 / 457 ( 13 % )                           ;
; Total virtual pins              ; 0                                           ;
; Total block memory bits         ; 2,048 / 4,065,280 ( < 1 % )                 ;
; Total DSP Blocks                ; 0 / 87 ( 0 % )                              ;
; Total HSSI RX PCSs              ; 0                                           ;
; Total HSSI PMA RX Deserializers ; 0                                           ;
; Total HSSI TX PCSs              ; 0                                           ;
; Total HSSI PMA TX Serializers   ; 0                                           ;
; Total PLLs                      ; 0 / 6 ( 0 % )                               ;
; Total DLLs                      ; 0 / 4 ( 0 % )                               ;
+---------------------------------+---------------------------------------------+


+-----------------------------------------+
; Flow Settings                           ;
+-------------------+---------------------+
; Option            ; Setting             ;
+-------------------+---------------------+
; Start date & time ; 03/24/2016 18:10:30 ;
; Main task         ; Compilation         ;
; Revision Name     ; multicycle          ;
+-------------------+---------------------+


+------------------------------------------------------------------------------------------------------------------+
; Flow Non-Default Global Settings                                                                                 ;
+-------------------------------------+---------------------------------+---------------+-------------+------------+
; Assignment Name                     ; Value                           ; Default Value ; Entity Name ; Section Id ;
+-------------------------------------+---------------------------------+---------------+-------------+------------+
; COMPILER_SIGNATURE_ID               ; 167746773773502.145885743004772 ; --            ; --          ; --         ;
; PARTITION_COLOR                     ; 16764057                        ; --            ; --          ; Top        ;
; PARTITION_FITTER_PRESERVATION_LEVEL ; PLACEMENT_AND_ROUTING           ; --            ; --          ; Top        ;
; PARTITION_NETLIST_TYPE              ; SOURCE                          ; --            ; --          ; Top        ;
; SMART_RECOMPILE                     ; On                              ; Off           ; --          ; --         ;
+-------------------------------------+---------------------------------+---------------+-------------+------------+


+-------------------------------------------------------------------------------------------------------------------------------+
; Flow Elapsed Time                                                                                                             ;
+---------------------------+--------------+-------------------------+---------------------+------------------------------------+
; Module Name               ; Elapsed Time ; Average Processors Used ; Peak Virtual Memory ; Total CPU Time (on all processors) ;
+---------------------------+--------------+-------------------------+---------------------+------------------------------------+
; Analysis & Synthesis      ; 00:00:09     ; 1.0                     ; 743 MB              ; 00:00:20                           ;
; Fitter                    ; 00:00:30     ; 1.6                     ; 2369 MB             ; 00:00:47                           ;
; Assembler                 ; 00:00:09     ; 1.0                     ; 732 MB              ; 00:00:08                           ;
; TimeQuest Timing Analyzer ; 00:00:07     ; 1.0                     ; 1086 MB             ; 00:00:07                           ;
; Total                     ; 00:00:55     ; --                      ; --                  ; 00:01:22                           ;
+---------------------------+--------------+-------------------------+---------------------+------------------------------------+


+----------------------------------------------------------------------------------------+
; Flow OS Summary                                                                        ;
+---------------------------+------------------+-----------+------------+----------------+
; Module Name               ; Machine Hostname ; OS Name   ; OS Version ; Processor type ;
+---------------------------+------------------+-----------+------------+----------------+
; Analysis & Synthesis      ; BA3135WS18       ; Windows 7 ; 6.1        ; x86_64         ;
; Fitter                    ; BA3135WS18       ; Windows 7 ; 6.1        ; x86_64         ;
; Assembler                 ; BA3135WS18       ; Windows 7 ; 6.1        ; x86_64         ;
; TimeQuest Timing Analyzer ; BA3135WS18       ; Windows 7 ; 6.1        ; x86_64         ;
+---------------------------+------------------+-----------+------------+----------------+


------------
; Flow Log ;
------------
quartus_map --read_settings_files=on --write_settings_files=off multicycle -c multicycle
quartus_fit --read_settings_files=off --write_settings_files=off multicycle -c multicycle
quartus_asm --read_settings_files=off --write_settings_files=off multicycle -c multicycle
quartus_sta multicycle -c multicycle



